R1 sends an INIT: router_id 1
R1 receives a CIRCUIT_DB: nbr_link 2 with links: 
	 link 1, cost 1
	 link 5, cost 5

R1 sends a HELLO: router_id 1, link_id 1
R1 sends a HELLO: router_id 1, link_id 5
R1 receives a HELLO: router_id 5, link_id 1

#Topology Database:
R1 -> R1 nbr link 2
R1 -> R1 link 1 cost 1
R1 -> R1 link 5 cost 5
################################


#RIB:
R1 -> R1 -> Local,0
R1 -> R2 -> inf,inf
R1 -> R3 -> inf,inf
R1 -> R4 -> inf,inf
R1 -> R5 -> inf,inf
################################

R1 sends an LSPDU: sender 1, router_id 1, link_id 1, cost 1, via 1
R1 sends an LSPDU: sender 1, router_id 1, link_id 5, cost 5, via 1
R1 receives a HELLO: router_id 4, link_id 5

#Topology Database:
R1 -> R1 nbr link 2
R1 -> R1 link 1 cost 1
R1 -> R1 link 5 cost 5
################################


#RIB:
R1 -> R1 -> Local,0
R1 -> R2 -> inf,inf
R1 -> R3 -> inf,inf
R1 -> R4 -> inf,inf
R1 -> R5 -> inf,inf
################################

R1 sends an LSPDU: sender 1, router_id 1, link_id 1, cost 1, via 5
R1 sends an LSPDU: sender 1, router_id 1, link_id 5, cost 5, via 5
R1 receives an LSPDU: sender 5, router_id 5, link_id 1, cost 1, via 1

#Topology Database:
R1 -> R1 nbr link 2
R1 -> R1 link 1 cost 1
R1 -> R1 link 5 cost 5
R1 -> R5 nbr link 1
R1 -> R5 link 1 cost 1
################################

R1 sends an LSPDU: sender 1, router_id 5, link_id 1, cost 1, via 5

#RIB:
R1 -> R1 -> Local,0
R1 -> R2 -> inf,inf
R1 -> R3 -> inf,inf
R1 -> R4 -> R4,5
R1 -> R5 -> R5,1
################################

R1 receives an LSPDU: sender 5, router_id 5, link_id 2, cost 2, via 1

#Topology Database:
R1 -> R1 nbr link 2
R1 -> R1 link 1 cost 1
R1 -> R1 link 5 cost 5
R1 -> R5 nbr link 2
R1 -> R5 link 1 cost 1
R1 -> R5 link 2 cost 2
################################

R1 sends an LSPDU: sender 1, router_id 5, link_id 2, cost 2, via 5

#RIB:
R1 -> R1 -> Local,0
R1 -> R2 -> inf,inf
R1 -> R3 -> inf,inf
R1 -> R4 -> R4,5
R1 -> R5 -> R5,1
################################

R1 receives an LSPDU: sender 4, router_id 4, link_id 4, cost 4, via 5

#Topology Database:
R1 -> R1 nbr link 2
R1 -> R1 link 1 cost 1
R1 -> R1 link 5 cost 5
R1 -> R4 nbr link 1
R1 -> R4 link 4 cost 4
R1 -> R5 nbr link 2
R1 -> R5 link 1 cost 1
R1 -> R5 link 2 cost 2
################################

R1 sends an LSPDU: sender 1, router_id 4, link_id 4, cost 4, via 1

#RIB:
R1 -> R1 -> Local,0
R1 -> R2 -> inf,inf
R1 -> R3 -> inf,inf
R1 -> R4 -> R4,5
R1 -> R5 -> R5,1
################################

R1 receives an LSPDU: sender 5, router_id 5, link_id 6, cost 6, via 1

#Topology Database:
R1 -> R1 nbr link 2
R1 -> R1 link 1 cost 1
R1 -> R1 link 5 cost 5
R1 -> R4 nbr link 1
R1 -> R4 link 4 cost 4
R1 -> R5 nbr link 3
R1 -> R5 link 1 cost 1
R1 -> R5 link 2 cost 2
R1 -> R5 link 6 cost 6
################################

R1 sends an LSPDU: sender 1, router_id 5, link_id 6, cost 6, via 5

#RIB:
R1 -> R1 -> Local,0
R1 -> R2 -> inf,inf
R1 -> R3 -> inf,inf
R1 -> R4 -> R4,5
R1 -> R5 -> R5,1
################################

R1 receives an LSPDU: sender 4, router_id 4, link_id 7, cost 7, via 5

#Topology Database:
R1 -> R1 nbr link 2
R1 -> R1 link 1 cost 1
R1 -> R1 link 5 cost 5
R1 -> R4 nbr link 2
R1 -> R4 link 4 cost 4
R1 -> R4 link 7 cost 7
R1 -> R5 nbr link 3
R1 -> R5 link 1 cost 1
R1 -> R5 link 2 cost 2
R1 -> R5 link 6 cost 6
################################

R1 sends an LSPDU: sender 1, router_id 4, link_id 7, cost 7, via 1

#RIB:
R1 -> R1 -> Local,0
R1 -> R2 -> inf,inf
R1 -> R3 -> inf,inf
R1 -> R4 -> R4,5
R1 -> R5 -> R5,1
################################

R1 receives an LSPDU: sender 4, router_id 4, link_id 6, cost 6, via 5

#Topology Database:
R1 -> R1 nbr link 2
R1 -> R1 link 1 cost 1
R1 -> R1 link 5 cost 5
R1 -> R4 nbr link 3
R1 -> R4 link 4 cost 4
R1 -> R4 link 7 cost 7
R1 -> R4 link 6 cost 6
R1 -> R5 nbr link 3
R1 -> R5 link 1 cost 1
R1 -> R5 link 2 cost 2
R1 -> R5 link 6 cost 6
################################

R1 sends an LSPDU: sender 1, router_id 4, link_id 6, cost 6, via 1

#RIB:
R1 -> R1 -> Local,0
R1 -> R2 -> inf,inf
R1 -> R3 -> inf,inf
R1 -> R4 -> R4,5
R1 -> R5 -> R5,1
################################

R1 receives an LSPDU: sender 4, router_id 4, link_id 5, cost 5, via 5

#Topology Database:
R1 -> R1 nbr link 2
R1 -> R1 link 1 cost 1
R1 -> R1 link 5 cost 5
R1 -> R4 nbr link 4
R1 -> R4 link 4 cost 4
R1 -> R4 link 7 cost 7
R1 -> R4 link 6 cost 6
R1 -> R4 link 5 cost 5
R1 -> R5 nbr link 3
R1 -> R5 link 1 cost 1
R1 -> R5 link 2 cost 2
R1 -> R5 link 6 cost 6
################################

R1 sends an LSPDU: sender 1, router_id 4, link_id 5, cost 5, via 1

#RIB:
R1 -> R1 -> Local,0
R1 -> R2 -> inf,inf
R1 -> R3 -> inf,inf
R1 -> R4 -> R4,5
R1 -> R5 -> R5,1
################################

R1 receives an LSPDU: sender 5, router_id 2, link_id 2, cost 2, via 1

#Topology Database:
R1 -> R1 nbr link 2
R1 -> R1 link 1 cost 1
R1 -> R1 link 5 cost 5
R1 -> R2 nbr link 1
R1 -> R2 link 2 cost 2
R1 -> R4 nbr link 4
R1 -> R4 link 4 cost 4
R1 -> R4 link 7 cost 7
R1 -> R4 link 6 cost 6
R1 -> R4 link 5 cost 5
R1 -> R5 nbr link 3
R1 -> R5 link 1 cost 1
R1 -> R5 link 2 cost 2
R1 -> R5 link 6 cost 6
################################

R1 sends an LSPDU: sender 1, router_id 2, link_id 2, cost 2, via 5

#RIB:
R1 -> R1 -> Local,0
R1 -> R2 -> R5,3
R1 -> R3 -> inf,inf
R1 -> R4 -> R4,5
R1 -> R5 -> R5,1
################################

R1 receives an LSPDU: sender 5, router_id 2, link_id 7, cost 7, via 1

#Topology Database:
R1 -> R1 nbr link 2
R1 -> R1 link 1 cost 1
R1 -> R1 link 5 cost 5
R1 -> R2 nbr link 2
R1 -> R2 link 2 cost 2
R1 -> R2 link 7 cost 7
R1 -> R4 nbr link 4
R1 -> R4 link 4 cost 4
R1 -> R4 link 7 cost 7
R1 -> R4 link 6 cost 6
R1 -> R4 link 5 cost 5
R1 -> R5 nbr link 3
R1 -> R5 link 1 cost 1
R1 -> R5 link 2 cost 2
R1 -> R5 link 6 cost 6
################################

R1 sends an LSPDU: sender 1, router_id 2, link_id 7, cost 7, via 5

#RIB:
R1 -> R1 -> Local,0
R1 -> R2 -> R5,3
R1 -> R3 -> inf,inf
R1 -> R4 -> R4,5
R1 -> R5 -> R5,1
################################

R1 receives an LSPDU: sender 4, router_id 3, link_id 3, cost 3, via 5

#Topology Database:
R1 -> R1 nbr link 2
R1 -> R1 link 1 cost 1
R1 -> R1 link 5 cost 5
R1 -> R2 nbr link 2
R1 -> R2 link 2 cost 2
R1 -> R2 link 7 cost 7
R1 -> R3 nbr link 1
R1 -> R3 link 3 cost 3
R1 -> R4 nbr link 4
R1 -> R4 link 4 cost 4
R1 -> R4 link 7 cost 7
R1 -> R4 link 6 cost 6
R1 -> R4 link 5 cost 5
R1 -> R5 nbr link 3
R1 -> R5 link 1 cost 1
R1 -> R5 link 2 cost 2
R1 -> R5 link 6 cost 6
################################

R1 sends an LSPDU: sender 1, router_id 3, link_id 3, cost 3, via 1

#RIB:
R1 -> R1 -> Local,0
R1 -> R2 -> R5,3
R1 -> R3 -> inf,inf
R1 -> R4 -> R4,5
R1 -> R5 -> R5,1
################################

R1 receives an LSPDU: sender 5, router_id 2, link_id 3, cost 3, via 1

#Topology Database:
R1 -> R1 nbr link 2
R1 -> R1 link 1 cost 1
R1 -> R1 link 5 cost 5
R1 -> R2 nbr link 3
R1 -> R2 link 2 cost 2
R1 -> R2 link 7 cost 7
R1 -> R2 link 3 cost 3
R1 -> R3 nbr link 1
R1 -> R3 link 3 cost 3
R1 -> R4 nbr link 4
R1 -> R4 link 4 cost 4
R1 -> R4 link 7 cost 7
R1 -> R4 link 6 cost 6
R1 -> R4 link 5 cost 5
R1 -> R5 nbr link 3
R1 -> R5 link 1 cost 1
R1 -> R5 link 2 cost 2
R1 -> R5 link 6 cost 6
################################

R1 sends an LSPDU: sender 1, router_id 2, link_id 3, cost 3, via 5

#RIB:
R1 -> R1 -> Local,0
R1 -> R2 -> R5,3
R1 -> R3 -> R5,6
R1 -> R4 -> R4,5
R1 -> R5 -> R5,1
################################

R1 receives an LSPDU: sender 4, router_id 3, link_id 4, cost 4, via 5

#Topology Database:
R1 -> R1 nbr link 2
R1 -> R1 link 1 cost 1
R1 -> R1 link 5 cost 5
R1 -> R2 nbr link 3
R1 -> R2 link 2 cost 2
R1 -> R2 link 7 cost 7
R1 -> R2 link 3 cost 3
R1 -> R3 nbr link 2
R1 -> R3 link 3 cost 3
R1 -> R3 link 4 cost 4
R1 -> R4 nbr link 4
R1 -> R4 link 4 cost 4
R1 -> R4 link 7 cost 7
R1 -> R4 link 6 cost 6
R1 -> R4 link 5 cost 5
R1 -> R5 nbr link 3
R1 -> R5 link 1 cost 1
R1 -> R5 link 2 cost 2
R1 -> R5 link 6 cost 6
################################

R1 sends an LSPDU: sender 1, router_id 3, link_id 4, cost 4, via 1

#RIB:
R1 -> R1 -> Local,0
R1 -> R2 -> R5,3
R1 -> R3 -> R5,6
R1 -> R4 -> R4,5
R1 -> R5 -> R5,1
################################

R1 receives an LSPDU: sender 5, router_id 3, link_id 3, cost 3, via 1
R1 receives an LSPDU: sender 4, router_id 2, link_id 2, cost 2, via 5
R1 receives an LSPDU: sender 5, router_id 3, link_id 4, cost 4, via 1
R1 receives an LSPDU: sender 4, router_id 2, link_id 7, cost 7, via 5
R1 receives an LSPDU: sender 4, router_id 2, link_id 3, cost 3, via 5
